<?xml version="1.0" encoding="UTF-8"?>
<!-- Generated by org.testng.reporters.JUnitReportReporter -->
<testsuite hostname="Air-de-Marthe" failures="0" tests="3" name="com.qa.tests.NewContactTest" time="55.098" errors="0" timestamp="2020-07-29T20:18:51 CEST" skipped="0">
  <testcase classname="com.qa.tests.NewContactTest" name="validateCreateNewContact" time="17.760"/>
  <system-out/>
  <testcase classname="com.qa.tests.NewContactTest" name="validateCreateNewContact" time="19.019"/>
  <system-out/>
  <testcase classname="com.qa.tests.NewContactTest" name="validateCreateNewContact" time="18.319"/>
  <system-out/>
</testsuite> <!-- com.qa.tests.NewContactTest -->
