<?xml version="1.0" encoding="UTF-8"?>
<!-- Generated by org.testng.reporters.JUnitReportReporter -->
<testsuite hostname="Air-de-Marthe" failures="0" tests="3" name="com.qa.tests.BackOfficeTest" time="14.548" errors="0" timestamp="2020-07-28T18:11:24 CEST" skipped="0">
  <testcase classname="com.qa.tests.BackOfficeTest" name="verifyBackofficeTitle" time="2.868"/>
  <system-out/>
  <testcase classname="com.qa.tests.BackOfficeTest" name="verifyUserName" time="5.832"/>
  <system-out/>
  <testcase classname="com.qa.tests.BackOfficeTest" name="verifyContactsLink" time="5.848"/>
  <system-out/>
</testsuite> <!-- com.qa.tests.BackOfficeTest -->
