<?xml version="1.0" encoding="UTF-8"?>
<!-- Generated by org.testng.reporters.JUnitReportReporter -->
<testsuite hostname="Air-de-Marthe" failures="0" tests="1" name="com.qa.tests.LoginTest" time="12.365" errors="0" timestamp="2020-07-23T21:08:28 CEST" skipped="0">
  <testcase classname="com.qa.tests.LoginTest" name="successFullLogin" time="12.365"/>
  <system-out/>
</testsuite> <!-- com.qa.tests.LoginTest -->
