<?xml version="1.0" encoding="UTF-8"?>
<!-- Generated by org.testng.reporters.JUnitReportReporter -->
<testsuite hostname="Air-de-Marthe" failures="0" tests="3" name="com.qa.tests.BackOfficeTest" time="14.627" errors="0" timestamp="2020-07-29T20:18:51 CEST" skipped="0">
  <testcase classname="com.qa.tests.BackOfficeTest" name="verifyBackofficeTitle" time="4.995"/>
  <system-out/>
  <testcase classname="com.qa.tests.BackOfficeTest" name="verifyUserName" time="3.651"/>
  <system-out/>
  <testcase classname="com.qa.tests.BackOfficeTest" name="verifyContactsLink" time="5.981"/>
  <system-out/>
</testsuite> <!-- com.qa.tests.BackOfficeTest -->
