<?xml version="1.0" encoding="UTF-8"?>
<!-- Generated by org.testng.reporters.JUnitReportReporter -->
<testsuite hostname="Air-de-Marthe" failures="0" tests="3" name="com.qa.tests.NewContactTest" time="54.505" errors="0" timestamp="2020-07-29T13:06:54 CEST" skipped="0">
  <testcase classname="com.qa.tests.NewContactTest" name="validateCreateNewContact" time="18.943"/>
  <system-out/>
  <testcase classname="com.qa.tests.NewContactTest" name="validateCreateNewContact" time="18.341"/>
  <system-out/>
  <testcase classname="com.qa.tests.NewContactTest" name="validateCreateNewContact" time="17.221"/>
  <system-out/>
</testsuite> <!-- com.qa.tests.NewContactTest -->
