<?xml version="1.0" encoding="UTF-8"?>
<!-- Generated by org.testng.reporters.JUnitReportReporter -->
<testsuite hostname="Air-de-Marthe" failures="0" tests="3" name="com.qa.tests.NewContactTest" time="54.981" errors="0" timestamp="2020-07-28T20:17:21 CEST" skipped="0">
  <testcase classname="com.qa.tests.NewContactTest" name="validateCreateNewContact" time="18.975"/>
  <system-out/>
  <testcase classname="com.qa.tests.NewContactTest" name="validateCreateNewContact" time="18.010"/>
  <system-out/>
  <testcase classname="com.qa.tests.NewContactTest" name="validateCreateNewContact" time="17.996"/>
  <system-out/>
</testsuite> <!-- com.qa.tests.NewContactTest -->
