<?xml version="1.0" encoding="UTF-8"?>
<!-- Generated by org.testng.reporters.JUnitReportReporter -->
<testsuite hostname="Air-de-Marthe" failures="0" tests="1" name="com.qa.tests.LoginTest" time="13.649" errors="0" timestamp="2020-07-27T00:04:54 CEST" skipped="0">
  <testcase classname="com.qa.tests.LoginTest" name="successFullLogin" time="13.649"/>
  <system-out/>
</testsuite> <!-- com.qa.tests.LoginTest -->
