<?xml version="1.0" encoding="UTF-8"?>
<!-- Generated by org.testng.reporters.JUnitReportReporter -->
<testsuite hostname="Air-de-Marthe" failures="0" tests="3" name="com.qa.tests.BackOfficeTest" time="13.688" errors="0" timestamp="2020-07-29T15:34:52 CEST" skipped="0">
  <testcase classname="com.qa.tests.BackOfficeTest" name="verifyBackofficeTitle" time="3.102"/>
  <system-out/>
  <testcase classname="com.qa.tests.BackOfficeTest" name="verifyUserName" time="3.449"/>
  <system-out/>
  <testcase classname="com.qa.tests.BackOfficeTest" name="verifyContactsLink" time="7.137"/>
  <system-out/>
</testsuite> <!-- com.qa.tests.BackOfficeTest -->
