<?xml version="1.0" encoding="UTF-8"?>
<!-- Generated by org.testng.reporters.JUnitReportReporter -->
<testsuite hostname="Air-de-Marthe" failures="0" tests="3" name="com.qa.tests.BackOfficeTest" time="14.111" errors="0" timestamp="2020-07-29T13:14:31 CEST" skipped="0">
  <testcase classname="com.qa.tests.BackOfficeTest" name="verifyBackofficeTitle" time="2.787"/>
  <system-out/>
  <testcase classname="com.qa.tests.BackOfficeTest" name="verifyUserName" time="5.216"/>
  <system-out/>
  <testcase classname="com.qa.tests.BackOfficeTest" name="verifyContactsLink" time="6.108"/>
  <system-out/>
</testsuite> <!-- com.qa.tests.BackOfficeTest -->
