<?xml version="1.0" encoding="UTF-8"?>
<!-- Generated by org.testng.reporters.JUnitReportReporter -->
<testsuite skipped="0" hostname="Air-de-Marthe" name="com.qa.tests.NewContactTest" tests="3" failures="0" timestamp="2020-07-29T18:10:06 CEST" time="56.287" errors="0">
  <testcase name="validateCreateNewContact" time="18.657" classname="com.qa.tests.NewContactTest"/>
  <system-out/>
  <testcase name="validateCreateNewContact" time="18.023" classname="com.qa.tests.NewContactTest"/>
  <system-out/>
  <testcase name="validateCreateNewContact" time="19.607" classname="com.qa.tests.NewContactTest"/>
  <system-out/>
</testsuite> <!-- com.qa.tests.NewContactTest -->
