<?xml version="1.0" encoding="UTF-8"?>
<!-- Generated by org.testng.reporters.JUnitReportReporter -->
<testsuite skipped="0" hostname="Air-de-Marthe" name="com.qa.tests.LoginTest" tests="1" failures="0" timestamp="2020-07-29T18:10:06 CEST" time="10.974" errors="0">
  <testcase name="successFullLogin" time="10.974" classname="com.qa.tests.LoginTest"/>
  <system-out/>
</testsuite> <!-- com.qa.tests.LoginTest -->
