<?xml version="1.0" encoding="UTF-8"?>
<!-- Generated by org.testng.reporters.JUnitReportReporter -->
<testsuite skipped="0" hostname="Air-de-Marthe" name="com.qa.tests.BackOfficeTest" tests="3" failures="0" timestamp="2020-07-29T18:10:06 CEST" time="15.723" errors="0">
  <testcase name="verifyBackofficeTitle" time="2.811" classname="com.qa.tests.BackOfficeTest"/>
  <system-out/>
  <testcase name="verifyUserName" time="4.938" classname="com.qa.tests.BackOfficeTest"/>
  <system-out/>
  <testcase name="verifyContactsLink" time="7.974" classname="com.qa.tests.BackOfficeTest"/>
  <system-out/>
</testsuite> <!-- com.qa.tests.BackOfficeTest -->
